

================================================================
== Vivado HLS Report for 'Block_proc'
================================================================
* Date:           Fri Nov 13 14:51:39 2020

* Version:        2019.2 (Build 2704478 on Wed Nov 06 22:10:23 MST 2019)
* Project:        hls_huffman_encoding
* Solution:       solution1
* Product family: zynq
* Target device:  xc7z020-clg484-1


================================================================
== Performance Estimates
================================================================
+ Timing: 
    * Summary: 
    +--------+---------+----------+------------+
    |  Clock |  Target | Estimated| Uncertainty|
    +--------+---------+----------+------------+
    |ap_clk  | 5.00 ns | 2.188 ns |   0.63 ns  |
    +--------+---------+----------+------------+

+ Latency: 
    * Summary: 
    +---------+---------+----------+----------+-----+-----+---------+
    |  Latency (cycles) |  Latency (absolute) |  Interval | Pipeline|
    |   min   |   max   |    min   |    max   | min | max |   Type  |
    +---------+---------+----------+----------+-----+-----+---------+
    |        0|        0|   0 ns   |   0 ns   |    0|    0|   none  |
    +---------+---------+----------+----------+-----+-----+---------+

    + Detail: 
        * Instance: 
        N/A

        * Loop: 
        N/A



================================================================
== Utilization Estimates
================================================================
* Summary: 
+-----------------+---------+-------+--------+-------+-----+
|       Name      | BRAM_18K| DSP48E|   FF   |  LUT  | URAM|
+-----------------+---------+-------+--------+-------+-----+
|DSP              |        -|      -|       -|      -|    -|
|Expression       |        -|      -|       0|      2|    -|
|FIFO             |        -|      -|       -|      -|    -|
|Instance         |        -|      -|       -|      -|    -|
|Memory           |        -|      -|       -|      -|    -|
|Multiplexer      |        -|      -|       -|     27|    -|
|Register         |        -|      -|      11|      -|    -|
+-----------------+---------+-------+--------+-------+-----+
|Total            |        0|      0|      11|     29|    0|
+-----------------+---------+-------+--------+-------+-----+
|Available        |      280|    220|  106400|  53200|    0|
+-----------------+---------+-------+--------+-------+-----+
|Utilization (%)  |        0|      0|   ~0   |   ~0  |    0|
+-----------------+---------+-------+--------+-------+-----+

+ Detail: 
    * Instance: 
    N/A

    * DSP48E: 
    N/A

    * Memory: 
    N/A

    * FIFO: 
    N/A

    * Expression: 
    +-----------------+----------+-------+---+----+------------+------------+
    |  Variable Name  | Operation| DSP48E| FF| LUT| Bitwidth P0| Bitwidth P1|
    +-----------------+----------+-------+---+----+------------+------------+
    |ap_block_state1  |    or    |      0|  0|   2|           1|           1|
    +-----------------+----------+-------+---+----+------------+------------+
    |Total            |          |      0|  0|   2|           1|           1|
    +-----------------+----------+-------+---+----+------------+------------+

    * Multiplexer: 
    +---------------------+----+-----------+-----+-----------+
    |         Name        | LUT| Input Size| Bits| Total Bits|
    +---------------------+----+-----------+-----+-----------+
    |ap_done              |   9|          2|    1|          2|
    |extLd_loc_blk_n      |   9|          2|    1|          2|
    |num_nonzero_symbols  |   9|          2|    9|         18|
    +---------------------+----+-----------+-----+-----------+
    |Total                |  27|          6|   11|         22|
    +---------------------+----+-----------+-----+-----------+

    * Register: 
    +--------------------------+---+----+-----+-----------+
    |           Name           | FF| LUT| Bits| Const Bits|
    +--------------------------+---+----+-----+-----------+
    |ap_CS_fsm                 |  1|   0|    1|          0|
    |ap_done_reg               |  1|   0|    1|          0|
    |num_nonzero_symbols_preg  |  9|   0|   32|         23|
    +--------------------------+---+----+-----+-----------+
    |Total                     | 11|   0|   34|         23|
    +--------------------------+---+----+-----+-----------+



================================================================
== Interface
================================================================
* Summary: 
+----------------------------+-----+-----+------------+---------------------+--------------+
|          RTL Ports         | Dir | Bits|  Protocol  |    Source Object    |    C Type    |
+----------------------------+-----+-----+------------+---------------------+--------------+
|ap_clk                      |  in |    1| ap_ctrl_hs |     Block__proc     | return value |
|ap_rst                      |  in |    1| ap_ctrl_hs |     Block__proc     | return value |
|ap_start                    |  in |    1| ap_ctrl_hs |     Block__proc     | return value |
|ap_done                     | out |    1| ap_ctrl_hs |     Block__proc     | return value |
|ap_continue                 |  in |    1| ap_ctrl_hs |     Block__proc     | return value |
|ap_idle                     | out |    1| ap_ctrl_hs |     Block__proc     | return value |
|ap_ready                    | out |    1| ap_ctrl_hs |     Block__proc     | return value |
|extLd_loc_dout              |  in |    9|   ap_fifo  |      extLd_loc      |    pointer   |
|extLd_loc_empty_n           |  in |    1|   ap_fifo  |      extLd_loc      |    pointer   |
|extLd_loc_read              | out |    1|   ap_fifo  |      extLd_loc      |    pointer   |
|num_nonzero_symbols         | out |   32|   ap_vld   | num_nonzero_symbols |    pointer   |
|num_nonzero_symbols_ap_vld  | out |    1|   ap_vld   | num_nonzero_symbols |    pointer   |
+----------------------------+-----+-----+------------+---------------------+--------------+

