

================================================================
== Vivado HLS Report for 'canonize_tree'
================================================================
* Date:           Thu Nov 12 16:04:44 2020

* Version:        2019.2 (Build 2704478 on Wed Nov 06 22:10:23 MST 2019)
* Project:        hls_huffman_encoding
* Solution:       solution1
* Product family: zynq
* Target device:  xc7z020-clg484-1


================================================================
== Performance Estimates
================================================================
+ Timing: 
    * Summary: 
    +--------+---------+----------+------------+
    |  Clock |  Target | Estimated| Uncertainty|
    +--------+---------+----------+------------+
    |ap_clk  | 5.00 ns | 4.093 ns |   0.63 ns  |
    +--------+---------+----------+------------+

+ Latency: 
    * Summary: 
    +---------+---------+----------+-----------+-----+------+---------+
    |  Latency (cycles) |  Latency (absolute)  |  Interval  | Pipeline|
    |   min   |   max   |    min   |    max    | min |  max |   Type  |
    +---------+---------+----------+-----------+-----+------+---------+
    |      258|     2562| 1.290 us | 12.810 us |  258|  2562|   none  |
    +---------+---------+----------+-----------+-----+------+---------+

    + Detail: 
        * Instance: 
        N/A

        * Loop: 
        +----------------------+---------+---------+----------+-----------+-----------+---------+----------+
        |                      |  Latency (cycles) | Iteration|  Initiation Interval  |   Trip  |          |
        |       Loop Name      |   min   |   max   |  Latency |  achieved |   target  |  Count  | Pipelined|
        +----------------------+---------+---------+----------+-----------+-----------+---------+----------+
        |- init_bits           |      256|      256|         1|          -|          -|      256|    no    |
        |- process_symbols     |        0|     2304|   4 ~ 9  |          -|          -| 0 ~ 256 |    no    |
        | + process_symbols.1  |        3|        5|         2|          -|          -|  1 ~ 2  |    no    |
        +----------------------+---------+---------+----------+-----------+-----------+---------+----------+



================================================================
== Utilization Estimates
================================================================
* Summary: 
+-----------------+---------+-------+--------+-------+-----+
|       Name      | BRAM_18K| DSP48E|   FF   |  LUT  | URAM|
+-----------------+---------+-------+--------+-------+-----+
|DSP              |        -|      -|       -|      -|    -|
|Expression       |        -|      -|       0|    111|    -|
|FIFO             |        -|      -|       -|      -|    -|
|Instance         |        -|      -|       -|      -|    -|
|Memory           |        -|      -|       -|      -|    -|
|Multiplexer      |        -|      -|       -|    134|    -|
|Register         |        -|      -|     108|      -|    -|
+-----------------+---------+-------+--------+-------+-----+
|Total            |        0|      0|     108|    245|    0|
+-----------------+---------+-------+--------+-------+-----+
|Available        |      280|    220|  106400|  53200|    0|
+-----------------+---------+-------+--------+-------+-----+
|Utilization (%)  |        0|      0|   ~0   |   ~0  |    0|
+-----------------+---------+-------+--------+-------+-----+

+ Detail: 
    * Instance: 
    N/A

    * DSP48E: 
    N/A

    * Memory: 
    N/A

    * FIFO: 
    N/A

    * Expression: 
    +------------------------+----------+-------+---+----+------------+------------+
    |      Variable Name     | Operation| DSP48E| FF| LUT| Bitwidth P0| Bitwidth P1|
    +------------------------+----------+-------+---+----+------------+------------+
    |count_V_2_fu_233_p2     |     +    |      0|  0|  14|           2|          10|
    |i_fu_178_p2             |     +    |      0|  0|  15|           9|           1|
    |k_fu_199_p2             |     +    |      0|  0|  14|          10|           1|
    |length_V_fu_211_p2      |     +    |      0|  0|  14|          10|           2|
    |icmp_ln11_fu_172_p2     |   icmp   |      0|  0|  13|           9|          10|
    |icmp_ln21_fu_194_p2     |   icmp   |      0|  0|  13|          10|          10|
    |icmp_ln879_3_fu_222_p2  |   icmp   |      0|  0|  13|          10|           1|
    |icmp_ln879_fu_205_p2    |   icmp   |      0|  0|  13|          10|           1|
    |ap_block_state1         |    or    |      0|  0|   2|           1|           1|
    +------------------------+----------+-------+---+----+------------+------------+
    |Total                   |          |      0|  0| 111|          71|          37|
    +------------------------+----------+-------+---+----+------------+------------+

    * Multiplexer: 
    +------------------------+----+-----------+-----+-----------+
    |          Name          | LUT| Input Size| Bits| Total Bits|
    +------------------------+----+-----------+-----+-----------+
    |ap_NS_fsm               |  41|          8|    1|          8|
    |ap_done                 |   9|          2|    1|          2|
    |i_0_i_i_reg_120         |   9|          2|    9|         18|
    |i_op_assign_reg_143     |   9|          2|   10|         20|
    |length_V_1_fu_62        |   9|          2|   10|         20|
    |p_066_0_i_i_reg_131     |   9|          2|   10|         20|
    |symbol_bits_V_address0  |  15|          3|    8|         24|
    |symbol_bits_V_d0        |  15|          3|    5|         15|
    |t_V_6_reg_155           |   9|          2|   10|         20|
    |val_assign7_loc_blk_n   |   9|          2|    1|          2|
    +------------------------+----+-----------+-----+-----------+
    |Total                   | 134|         28|   65|        149|
    +------------------------+----+-----------+-----+-----------+

    * Register: 
    +------------------------------+----+----+-----+-----------+
    |             Name             | FF | LUT| Bits| Const Bits|
    +------------------------------+----+----+-----+-----------+
    |ap_CS_fsm                     |   7|   0|    7|          0|
    |ap_done_reg                   |   1|   0|    1|          0|
    |count_V_2_reg_308             |  10|   0|   10|          0|
    |i_0_i_i_reg_120               |   9|   0|    9|          0|
    |i_op_assign_reg_143           |  10|   0|   10|          0|
    |icmp_ln879_reg_276            |   1|   0|    1|          0|
    |k_reg_271                     |  10|   0|   10|          0|
    |length_V_1_fu_62              |  10|   0|   10|          0|
    |length_V_reg_280              |  10|   0|   10|          0|
    |p_066_0_i_i_reg_131           |  10|   0|   10|          0|
    |sorted_value_V_load_reg_303   |  10|   0|   10|          0|
    |t_V_6_reg_155                 |  10|   0|   10|          0|
    |val_assign7_loc_read_reg_248  |  10|   0|   10|          0|
    +------------------------------+----+----+-----+-----------+
    |Total                         | 108|   0|  108|          0|
    +------------------------------+----+----+-----+-----------+



================================================================
== Interface
================================================================
* Summary: 
+--------------------------------------+-----+-----+------------+-----------------------------+--------------+
|               RTL Ports              | Dir | Bits|  Protocol  |        Source Object        |    C Type    |
+--------------------------------------+-----+-----+------------+-----------------------------+--------------+
|ap_clk                                |  in |    1| ap_ctrl_hs |        canonize_tree        | return value |
|ap_rst                                |  in |    1| ap_ctrl_hs |        canonize_tree        | return value |
|ap_start                              |  in |    1| ap_ctrl_hs |        canonize_tree        | return value |
|ap_done                               | out |    1| ap_ctrl_hs |        canonize_tree        | return value |
|ap_continue                           |  in |    1| ap_ctrl_hs |        canonize_tree        | return value |
|ap_idle                               | out |    1| ap_ctrl_hs |        canonize_tree        | return value |
|ap_ready                              | out |    1| ap_ctrl_hs |        canonize_tree        | return value |
|sorted_value_V_address0               | out |    8|  ap_memory |        sorted_value_V       |     array    |
|sorted_value_V_ce0                    | out |    1|  ap_memory |        sorted_value_V       |     array    |
|sorted_value_V_q0                     |  in |   10|  ap_memory |        sorted_value_V       |     array    |
|val_assign7_loc_dout                  |  in |   10|   ap_fifo  |       val_assign7_loc       |    pointer   |
|val_assign7_loc_empty_n               |  in |    1|   ap_fifo  |       val_assign7_loc       |    pointer   |
|val_assign7_loc_read                  | out |    1|   ap_fifo  |       val_assign7_loc       |    pointer   |
|codeword_length_histogram_V_address0  | out |    6|  ap_memory | codeword_length_histogram_V |     array    |
|codeword_length_histogram_V_ce0       | out |    1|  ap_memory | codeword_length_histogram_V |     array    |
|codeword_length_histogram_V_q0        |  in |   10|  ap_memory | codeword_length_histogram_V |     array    |
|symbol_bits_V_address0                | out |    8|  ap_memory |        symbol_bits_V        |     array    |
|symbol_bits_V_ce0                     | out |    1|  ap_memory |        symbol_bits_V        |     array    |
|symbol_bits_V_we0                     | out |    1|  ap_memory |        symbol_bits_V        |     array    |
|symbol_bits_V_d0                      | out |    5|  ap_memory |        symbol_bits_V        |     array    |
+--------------------------------------+-----+-----+------------+-----------------------------+--------------+

