

================================================================
== Vivado HLS Report for 'compute_bit_length'
================================================================
* Date:           Thu Nov 12 16:04:43 2020

* Version:        2019.2 (Build 2704478 on Wed Nov 06 22:10:23 MST 2019)
* Project:        hls_huffman_encoding
* Solution:       solution1
* Product family: zynq
* Target device:  xc7z020-clg484-1


================================================================
== Performance Estimates
================================================================
+ Timing: 
    * Summary: 
    +--------+---------+----------+------------+
    |  Clock |  Target | Estimated| Uncertainty|
    +--------+---------+----------+------------+
    |ap_clk  | 5.00 ns | 6.980 ns |   0.63 ns  |
    +--------+---------+----------+------------+

+ Latency: 
    * Summary: 
    +---------+---------+----------+----------+-----+-----+---------+
    |  Latency (cycles) |  Latency (absolute) |  Interval | Pipeline|
    |   min   |   max   |    min   |    max   | min | max |   Type  |
    +---------+---------+----------+----------+-----+-----+---------+
    |        ?|        ?|         ?|         ?|    ?|    ?|   none  |
    +---------+---------+----------+----------+-----+-----+---------+

    + Detail: 
        * Instance: 
        N/A

        * Loop: 
        +------------------+---------+---------+----------+-----------+-----------+------+----------+
        |                  |  Latency (cycles) | Iteration|  Initiation Interval  | Trip |          |
        |     Loop Name    |   min   |   max   |  Latency |  achieved |   target  | Count| Pipelined|
        +------------------+---------+---------+----------+-----------+-----------+------+----------+
        |- init_histogram  |       64|       64|         1|          1|          1|    64|    yes   |
        |- traverse_tree   |        ?|        ?|         7|          3|          3|     ?|    yes   |
        +------------------+---------+---------+----------+-----------+-----------+------+----------+



================================================================
== Utilization Estimates
================================================================
* Summary: 
+-----------------+---------+-------+--------+-------+-----+
|       Name      | BRAM_18K| DSP48E|   FF   |  LUT  | URAM|
+-----------------+---------+-------+--------+-------+-----+
|DSP              |        -|      -|       -|      -|    -|
|Expression       |        -|      -|       0|    156|    -|
|FIFO             |        -|      -|       -|      -|    -|
|Instance         |        -|      -|       -|      -|    -|
|Memory           |        1|      -|      20|     10|    0|
|Multiplexer      |        -|      -|       -|    215|    -|
|Register         |        -|      -|     214|      -|    -|
+-----------------+---------+-------+--------+-------+-----+
|Total            |        1|      0|     234|    381|    0|
+-----------------+---------+-------+--------+-------+-----+
|Available        |      280|    220|  106400|  53200|    0|
+-----------------+---------+-------+--------+-------+-----+
|Utilization (%)  |    ~0   |      0|   ~0   |   ~0  |    0|
+-----------------+---------+-------+--------+-------+-----+

+ Detail: 
    * Instance: 
    N/A

    * DSP48E: 
    N/A

    * Memory: 
    +------------------------+----------------------+---------+----+----+-----+------+-----+------+-------------+
    |         Memory         |        Module        | BRAM_18K| FF | LUT| URAM| Words| Bits| Banks| W*Bits*Banks|
    +------------------------+----------------------+---------+----+----+-----+------+-----+------+-------------+
    |child_depth_V_U         |compute_bit_lengtjbC  |        1|   0|   0|    0|   255|    6|     1|         1530|
    |internal_length_hist_U  |compute_bit_lengtkbM  |        0|  20|  10|    0|    64|   10|     1|          640|
    +------------------------+----------------------+---------+----+----+-----+------+-----+------+-------------+
    |Total                   |                      |        1|  20|  10|    0|   319|   16|     2|         2170|
    +------------------------+----------------------+---------+----+----+-----+------+-----+------+-------------+

    * FIFO: 
    N/A

    * Expression: 
    +------------------------+----------+-------+---+----+------------+------------+
    |      Variable Name     | Operation| DSP48E| FF| LUT| Bitwidth P0| Bitwidth P1|
    +------------------------+----------+-------+---+----+------------+------------+
    |add_ln22_fu_256_p2      |     +    |      0|  0|  13|          11|           3|
    |count_V_1_fu_324_p2     |     +    |      0|  0|  14|          10|          10|
    |i_5_fu_244_p2           |     +    |      0|  0|  15|           7|           1|
    |i_6_fu_291_p2           |     +    |      0|  0|  39|          32|           2|
    |i_fu_265_p2             |     +    |      0|  0|  13|          11|           3|
    |length_V_fu_297_p2      |     +    |      0|  0|  15|           6|           1|
    |ap_condition_182        |    and   |      0|  0|   2|           1|           1|
    |ap_condition_252        |    and   |      0|  0|   2|           1|           1|
    |icmp_ln16_fu_238_p2     |   icmp   |      0|  0|  11|           7|           8|
    |icmp_ln883_1_fu_309_p2  |   icmp   |      0|  0|  13|          10|           2|
    |icmp_ln883_fu_303_p2    |   icmp   |      0|  0|  13|          10|           2|
    |ap_block_state1         |    or    |      0|  0|   2|           1|           1|
    |ap_condition_246        |    or    |      0|  0|   2|           1|           1|
    |ap_enable_pp1           |    xor   |      0|  0|   2|           1|           2|
    +------------------------+----------+-------+---+----+------------+------------+
    |Total                   |          |      0|  0| 156|         109|          38|
    +------------------------+----------+-------+---+----+------------+------------+

    * Multiplexer: 
    +--------------------------------------------+----+-----------+-----+-----------+
    |                    Name                    | LUT| Input Size| Bits| Total Bits|
    +--------------------------------------------+----+-----------+-----+-----------+
    |ap_NS_fsm                                   |  44|          9|    1|          9|
    |ap_done                                     |   9|          2|    1|          2|
    |ap_enable_reg_pp1_iter2                     |   9|          2|    1|          2|
    |ap_phi_mux_i2_0_i_i_phi_fu_214_p4           |   9|          2|   32|         64|
    |ap_phi_reg_pp1_iter2_phi_ln700_i_i_reg_221  |  15|          3|    2|          6|
    |child_depth_V_address0                      |  21|          4|    8|         32|
    |child_depth_V_d0                            |  15|          3|    6|         18|
    |extLd_loc_blk_n                             |   9|          2|    1|          2|
    |i2_0_i_i_reg_211                            |   9|          2|   32|         64|
    |i_0_i_i_reg_200                             |   9|          2|    7|         14|
    |internal_length_hist_address0               |  21|          4|    6|         24|
    |internal_length_hist_d0                     |  15|          3|   10|         30|
    |length_histogram_V_address0                 |  15|          3|    6|         18|
    |length_histogram_V_d0                       |  15|          3|   10|         30|
    +--------------------------------------------+----+-----------+-----+-----------+
    |Total                                       | 215|         44|  123|        315|
    +--------------------------------------------+----+-----------+-----+-----------+

    * Register: 
    +--------------------------------------------+----+----+-----+-----------+
    |                    Name                    | FF | LUT| Bits| Const Bits|
    +--------------------------------------------+----+----+-----+-----------+
    |add_ln22_reg_345                            |  11|   0|   11|          0|
    |ap_CS_fsm                                   |   8|   0|    8|          0|
    |ap_done_reg                                 |   1|   0|    1|          0|
    |ap_enable_reg_pp1_iter0                     |   1|   0|    1|          0|
    |ap_enable_reg_pp1_iter1                     |   1|   0|    1|          0|
    |ap_enable_reg_pp1_iter2                     |   1|   0|    1|          0|
    |ap_phi_reg_pp1_iter1_phi_ln700_i_i_reg_221  |   2|   0|    2|          0|
    |ap_phi_reg_pp1_iter2_phi_ln700_i_i_reg_221  |   2|   0|    2|          0|
    |child_depth_V_load_reg_386                  |   6|   0|    6|          0|
    |count_V_reg_419                             |  10|   0|   10|          0|
    |i2_0_i_i_reg_211                            |  32|   0|   32|          0|
    |i_0_i_i_reg_200                             |   7|   0|    7|          0|
    |i_6_reg_381                                 |  32|   0|   32|          0|
    |icmp_ln883_1_reg_405                        |   1|   0|    1|          0|
    |icmp_ln883_reg_401                          |   1|   0|    1|          0|
    |internal_length_hist_2_reg_414              |   6|   0|    6|          0|
    |parent_V_load_reg_371                       |  10|   0|   10|          0|
    |tmp_reg_355                                 |   1|   0|    1|          0|
    |tmp_reg_355_pp1_iter1_reg                   |   1|   0|    1|          0|
    |zext_ln12_reg_331                           |  10|   0|   11|          1|
    |zext_ln27_reg_359                           |  32|   0|   64|         32|
    |zext_ln27_reg_359_pp1_iter1_reg             |  32|   0|   64|         32|
    |zext_ln544_8_reg_409                        |   6|   0|   64|         58|
    +--------------------------------------------+----+----+-----+-----------+
    |Total                                       | 214|   0|  337|        123|
    +--------------------------------------------+----+----+-----+-----------+



================================================================
== Interface
================================================================
* Summary: 
+-----------------------------+-----+-----+------------+--------------------+--------------+
|          RTL Ports          | Dir | Bits|  Protocol  |    Source Object   |    C Type    |
+-----------------------------+-----+-----+------------+--------------------+--------------+
|ap_clk                       |  in |    1| ap_ctrl_hs | compute_bit_length | return value |
|ap_rst                       |  in |    1| ap_ctrl_hs | compute_bit_length | return value |
|ap_start                     |  in |    1| ap_ctrl_hs | compute_bit_length | return value |
|ap_done                      | out |    1| ap_ctrl_hs | compute_bit_length | return value |
|ap_continue                  |  in |    1| ap_ctrl_hs | compute_bit_length | return value |
|ap_idle                      | out |    1| ap_ctrl_hs | compute_bit_length | return value |
|ap_ready                     | out |    1| ap_ctrl_hs | compute_bit_length | return value |
|parent_V_address0            | out |    8|  ap_memory |      parent_V      |     array    |
|parent_V_ce0                 | out |    1|  ap_memory |      parent_V      |     array    |
|parent_V_q0                  |  in |   10|  ap_memory |      parent_V      |     array    |
|left_V_address0              | out |    8|  ap_memory |       left_V       |     array    |
|left_V_ce0                   | out |    1|  ap_memory |       left_V       |     array    |
|left_V_q0                    |  in |   10|  ap_memory |       left_V       |     array    |
|right_V_address0             | out |    8|  ap_memory |       right_V      |     array    |
|right_V_ce0                  | out |    1|  ap_memory |       right_V      |     array    |
|right_V_q0                   |  in |   10|  ap_memory |       right_V      |     array    |
|extLd_loc_dout               |  in |   10|   ap_fifo  |      extLd_loc     |    pointer   |
|extLd_loc_empty_n            |  in |    1|   ap_fifo  |      extLd_loc     |    pointer   |
|extLd_loc_read               | out |    1|   ap_fifo  |      extLd_loc     |    pointer   |
|length_histogram_V_address0  | out |    6|  ap_memory | length_histogram_V |     array    |
|length_histogram_V_ce0       | out |    1|  ap_memory | length_histogram_V |     array    |
|length_histogram_V_we0       | out |    1|  ap_memory | length_histogram_V |     array    |
|length_histogram_V_d0        | out |   10|  ap_memory | length_histogram_V |     array    |
+-----------------------------+-----+-----+------------+--------------------+--------------+

