

================================================================
== Vivado HLS Report for 'create_codeword'
================================================================
* Date:           Wed Nov 25 17:34:22 2020

* Version:        2019.2 (Build 2704478 on Wed Nov 06 22:10:23 MST 2019)
* Project:        hls_huffman_encoding
* Solution:       solution1
* Product family: zynq
* Target device:  xc7z020-clg484-1


================================================================
== Performance Estimates
================================================================
+ Timing: 
    * Summary: 
    +--------+---------+----------+------------+
    |  Clock |  Target | Estimated| Uncertainty|
    +--------+---------+----------+------------+
    |ap_clk  | 5.00 ns | 4.285 ns |   0.63 ns  |
    +--------+---------+----------+------------+

+ Latency: 
    * Summary: 
    +---------+---------+----------+----------+------+------+---------+
    |  Latency (cycles) |  Latency (absolute) |   Interval  | Pipeline|
    |   min   |   max   |    min   |    max   |  min |  max |   Type  |
    +---------+---------+----------+----------+------+------+---------+
    |     1313|     1313| 6.565 us | 6.565 us |  1313|  1313|   none  |
    +---------+---------+----------+----------+------+------+---------+

    + Detail: 
        * Instance: 
        N/A

        * Loop: 
        +--------------------+---------+---------+----------+-----------+-----------+------+----------+
        |                    |  Latency (cycles) | Iteration|  Initiation Interval  | Trip |          |
        |      Loop Name     |   min   |   max   |  Latency |  achieved |   target  | Count| Pipelined|
        +--------------------+---------+---------+----------+-----------+-----------+------+----------+
        |- first_codewords   |       28|       28|         3|          1|          1|    27|    yes   |
        |- assign_codewords  |     1281|     1281|         7|          5|          5|   256|    yes   |
        +--------------------+---------+---------+----------+-----------+-----------+------+----------+



================================================================
== Utilization Estimates
================================================================
* Summary: 
+-----------------+---------+-------+--------+-------+-----+
|       Name      | BRAM_18K| DSP48E|   FF   |  LUT  | URAM|
+-----------------+---------+-------+--------+-------+-----+
|DSP              |        -|      -|       -|      -|    -|
|Expression       |        -|      -|       0|    359|    -|
|FIFO             |        -|      -|       -|      -|    -|
|Instance         |        -|      -|       -|      -|    -|
|Memory           |        0|      -|      54|     12|    0|
|Multiplexer      |        -|      -|       -|    164|    -|
|Register         |        -|      -|     227|      -|    -|
+-----------------+---------+-------+--------+-------+-----+
|Total            |        0|      0|     281|    535|    0|
+-----------------+---------+-------+--------+-------+-----+
|Available        |      280|    220|  106400|  53200|    0|
+-----------------+---------+-------+--------+-------+-----+
|Utilization (%)  |        0|      0|   ~0   |      1|    0|
+-----------------+---------+-------+--------+-------+-----+

+ Detail: 
    * Instance: 
    N/A

    * DSP48E: 
    N/A

    * Memory: 
    +--------------------+----------------------+---------+----+----+-----+------+-----+------+-------------+
    |       Memory       |        Module        | BRAM_18K| FF | LUT| URAM| Words| Bits| Banks| W*Bits*Banks|
    +--------------------+----------------------+---------+----+----+-----+------+-----+------+-------------+
    |first_codeword_V_U  |create_codeword_fmb6  |        0|  54|  12|    0|    27|   27|     1|          729|
    +--------------------+----------------------+---------+----+----+-----+------+-----+------+-------------+
    |Total               |                      |        0|  54|  12|    0|    27|   27|     1|          729|
    +--------------------+----------------------+---------+----+----+-----+------+-----+------+-------------+

    * FIFO: 
    N/A

    * Expression: 
    +---------------------------+----------+-------+---+----+------------+------------+
    |       Variable Name       | Operation| DSP48E| FF| LUT| Bitwidth P0| Bitwidth P1|
    +---------------------------+----------+-------+---+----+------------+------------+
    |add_ln1503_fu_315_p2       |     +    |      0|  0|  33|          26|          26|
    |add_ln700_fu_448_p2        |     +    |      0|  0|  34|           1|          27|
    |i_4_fu_335_p2              |     +    |      0|  0|  15|           9|           1|
    |i_fu_297_p2                |     +    |      0|  0|  15|           5|           1|
    |ret_V_fu_382_p2            |     -    |      0|  0|  15|           5|           6|
    |sub_ln556_fu_392_p2        |     -    |      0|  0|  12|           1|           3|
    |ap_block_pp1_stage0_11001  |    and   |      0|  0|   2|           1|           1|
    |ap_block_pp1_stage1_11001  |    and   |      0|  0|   2|           1|           1|
    |ap_block_state11_io        |    and   |      0|  0|   2|           1|           1|
    |ap_block_state12_io        |    and   |      0|  0|   2|           1|           1|
    |icmp_ln18_fu_291_p2        |   icmp   |      0|  0|  11|           5|           4|
    |icmp_ln26_fu_329_p2        |   icmp   |      0|  0|  13|           9|          10|
    |icmp_ln883_fu_360_p2       |   icmp   |      0|  0|  11|           5|           1|
    |lshr_ln808_fu_416_p2       |   lshr   |      0|  0|  81|          27|          27|
    |ap_block_state1            |    or    |      0|  0|   2|           1|           1|
    |select_ln796_fu_429_p3     |  select  |      0|  0|  22|           1|          22|
    |r_V_fu_408_p2              |    shl   |      0|  0|  81|          27|          27|
    |ap_enable_pp0              |    xor   |      0|  0|   2|           1|           2|
    |ap_enable_pp1              |    xor   |      0|  0|   2|           1|           2|
    |ap_enable_reg_pp0_iter1    |    xor   |      0|  0|   2|           2|           1|
    +---------------------------+----------+-------+---+----+------------+------------+
    |Total                      |          |      0|  0| 359|         130|         165|
    +---------------------------+----------+-------+---+----+------------+------------+

    * Multiplexer: 
    +-------------------------------+----+-----------+-----+-----------+
    |              Name             | LUT| Input Size| Bits| Total Bits|
    +-------------------------------+----+-----------+-----+-----------+
    |ap_NS_fsm                      |  47|         10|    1|         10|
    |ap_done                        |   9|          2|    1|          2|
    |ap_enable_reg_pp0_iter1        |   9|          2|    1|          2|
    |ap_enable_reg_pp0_iter2        |   9|          2|    1|          2|
    |ap_enable_reg_pp1_iter1        |   9|          2|    1|          2|
    |ap_phi_mux_i1_0_phi_fu_284_p4  |   9|          2|    9|         18|
    |encoding_TDATA_blk_n           |   9|          2|    1|          2|
    |first_codeword_V_address0      |  21|          4|    5|         20|
    |first_codeword_V_d0            |  15|          3|   27|         81|
    |i1_0_reg_280                   |   9|          2|    9|         18|
    |i_0_reg_269                    |   9|          2|    5|         10|
    |p_0199_0_reg_256               |   9|          2|   26|         52|
    +-------------------------------+----+-----------+-----+-----------+
    |Total                          | 164|         35|   87|        219|
    +-------------------------------+----+-----------+-----+-----------+

    * Register: 
    +---------------------------------+----+----+-----+-----------+
    |               Name              | FF | LUT| Bits| Const Bits|
    +---------------------------------+----+----+-----+-----------+
    |add_ln700_reg_610                |  27|   0|   27|          0|
    |ap_CS_fsm                        |   9|   0|    9|          0|
    |ap_done_reg                      |   1|   0|    1|          0|
    |ap_enable_reg_pp0_iter0          |   1|   0|    1|          0|
    |ap_enable_reg_pp0_iter1          |   1|   0|    1|          0|
    |ap_enable_reg_pp0_iter2          |   1|   0|    1|          0|
    |ap_enable_reg_pp1_iter0          |   1|   0|    1|          0|
    |ap_enable_reg_pp1_iter1          |   1|   0|    1|          0|
    |codeword_length_hist_1_reg_481   |   9|   0|    9|          0|
    |first_codeword_V_add_1_reg_583   |   5|   0|    5|          0|
    |i1_0_reg_280                     |   9|   0|    9|          0|
    |i_0_reg_269                      |   5|   0|    5|          0|
    |i_4_reg_501                      |   9|   0|    9|          0|
    |icmp_ln18_reg_462                |   1|   0|    1|          0|
    |icmp_ln18_reg_462_pp0_iter1_reg  |   1|   0|    1|          0|
    |icmp_ln26_reg_497                |   1|   0|    1|          0|
    |icmp_ln26_reg_497_pp1_iter1_reg  |   1|   0|    1|          0|
    |icmp_ln883_reg_579               |   1|   0|    1|          0|
    |length_V_reg_541                 |   5|   0|    5|          0|
    |out_reversed_V_1_reg_588         |  27|   0|   27|          0|
    |p_0199_0_reg_256                 |  26|   0|   27|          1|
    |p_Result_s_reg_593               |  27|   0|   27|          0|
    |result_dest_V_reg_574            |   1|   0|    1|          0|
    |result_id_V_reg_569              |   1|   0|    1|          0|
    |result_keep_V_reg_549            |   4|   0|    4|          0|
    |result_last_V_reg_564            |   1|   0|    1|          0|
    |result_strb_V_reg_554            |   4|   0|    4|          0|
    |result_user_V_reg_559            |   1|   0|    1|          0|
    |ret_V_reg_599                    |   6|   0|    6|          0|
    |sub_ln556_reg_605                |   3|   0|    3|          0|
    |tmp_data_V_fu_104                |  27|   0|   32|          5|
    |zext_ln21_reg_471                |   5|   0|   64|         59|
    |zext_ln21_reg_471_pp0_iter1_reg  |   5|   0|   64|         59|
    +---------------------------------+----+----+-----+-----------+
    |Total                            | 227|   0|  351|        124|
    +---------------------------------+----+----+-----+-----------+



================================================================
== Interface
================================================================
* Summary: 
+--------------------------------------+-----+-----+------------+-----------------------------+--------------+
|               RTL Ports              | Dir | Bits|  Protocol  |        Source Object        |    C Type    |
+--------------------------------------+-----+-----+------------+-----------------------------+--------------+
|ap_clk                                |  in |    1| ap_ctrl_hs |       create_codeword       | return value |
|ap_rst                                |  in |    1| ap_ctrl_hs |       create_codeword       | return value |
|ap_start                              |  in |    1| ap_ctrl_hs |       create_codeword       | return value |
|ap_done                               | out |    1| ap_ctrl_hs |       create_codeword       | return value |
|ap_continue                           |  in |    1| ap_ctrl_hs |       create_codeword       | return value |
|ap_idle                               | out |    1| ap_ctrl_hs |       create_codeword       | return value |
|ap_ready                              | out |    1| ap_ctrl_hs |       create_codeword       | return value |
|symbol_bits_V_address0                | out |    8|  ap_memory |        symbol_bits_V        |     array    |
|symbol_bits_V_ce0                     | out |    1|  ap_memory |        symbol_bits_V        |     array    |
|symbol_bits_V_q0                      |  in |    5|  ap_memory |        symbol_bits_V        |     array    |
|codeword_length_histogram_V_address0  | out |    6|  ap_memory | codeword_length_histogram_V |     array    |
|codeword_length_histogram_V_ce0       | out |    1|  ap_memory | codeword_length_histogram_V |     array    |
|codeword_length_histogram_V_q0        |  in |    9|  ap_memory | codeword_length_histogram_V |     array    |
|stream_buffer_keep_V_address0         | out |    8|  ap_memory |     stream_buffer_keep_V    |     array    |
|stream_buffer_keep_V_ce0              | out |    1|  ap_memory |     stream_buffer_keep_V    |     array    |
|stream_buffer_keep_V_q0               |  in |    6|  ap_memory |     stream_buffer_keep_V    |     array    |
|stream_buffer_strb_V_address0         | out |    8|  ap_memory |     stream_buffer_strb_V    |     array    |
|stream_buffer_strb_V_ce0              | out |    1|  ap_memory |     stream_buffer_strb_V    |     array    |
|stream_buffer_strb_V_q0               |  in |    6|  ap_memory |     stream_buffer_strb_V    |     array    |
|stream_buffer_user_V_address0         | out |    8|  ap_memory |     stream_buffer_user_V    |     array    |
|stream_buffer_user_V_ce0              | out |    1|  ap_memory |     stream_buffer_user_V    |     array    |
|stream_buffer_user_V_q0               |  in |    1|  ap_memory |     stream_buffer_user_V    |     array    |
|stream_buffer_last_V_address0         | out |    8|  ap_memory |     stream_buffer_last_V    |     array    |
|stream_buffer_last_V_ce0              | out |    1|  ap_memory |     stream_buffer_last_V    |     array    |
|stream_buffer_last_V_q0               |  in |    1|  ap_memory |     stream_buffer_last_V    |     array    |
|stream_buffer_id_V_address0           | out |    8|  ap_memory |      stream_buffer_id_V     |     array    |
|stream_buffer_id_V_ce0                | out |    1|  ap_memory |      stream_buffer_id_V     |     array    |
|stream_buffer_id_V_q0                 |  in |    1|  ap_memory |      stream_buffer_id_V     |     array    |
|stream_buffer_dest_V_address0         | out |    8|  ap_memory |     stream_buffer_dest_V    |     array    |
|stream_buffer_dest_V_ce0              | out |    1|  ap_memory |     stream_buffer_dest_V    |     array    |
|stream_buffer_dest_V_q0               |  in |    1|  ap_memory |     stream_buffer_dest_V    |     array    |
|encoding_TDATA                        | out |   32|    axis    |      encoding_V_data_V      |    pointer   |
|encoding_TVALID                       | out |    1|    axis    |      encoding_V_dest_V      |    pointer   |
|encoding_TREADY                       |  in |    1|    axis    |      encoding_V_dest_V      |    pointer   |
|encoding_TDEST                        | out |    1|    axis    |      encoding_V_dest_V      |    pointer   |
|encoding_TKEEP                        | out |    4|    axis    |      encoding_V_keep_V      |    pointer   |
|encoding_TSTRB                        | out |    4|    axis    |      encoding_V_strb_V      |    pointer   |
|encoding_TUSER                        | out |    1|    axis    |      encoding_V_user_V      |    pointer   |
|encoding_TLAST                        | out |    1|    axis    |      encoding_V_last_V      |    pointer   |
|encoding_TID                          | out |    1|    axis    |       encoding_V_id_V       |    pointer   |
+--------------------------------------+-----+-----+------------+-----------------------------+--------------+

