

================================================================
== Vivado HLS Report for 'huffman_encoding'
================================================================
* Date:           Thu Nov 12 16:04:47 2020

* Version:        2019.2 (Build 2704478 on Wed Nov 06 22:10:23 MST 2019)
* Project:        hls_huffman_encoding
* Solution:       solution1
* Product family: zynq
* Target device:  xc7z020-clg484-1


================================================================
== Performance Estimates
================================================================
+ Timing: 
    * Summary: 
    +--------+---------+----------+------------+
    |  Clock |  Target | Estimated| Uncertainty|
    +--------+---------+----------+------------+
    |ap_clk  | 5.00 ns | 7.683 ns |   0.63 ns  |
    +--------+---------+----------+------------+

+ Latency: 
    * Summary: 
    +---------+---------+----------+----------+-----+-----+----------+
    |  Latency (cycles) |  Latency (absolute) |  Interval | Pipeline |
    |   min   |   max   |    min   |    max   | min | max |   Type   |
    +---------+---------+----------+----------+-----+-----+----------+
    |        ?|        ?|         ?|         ?|    ?|    ?| dataflow |
    +---------+---------+----------+----------+-----+-----+----------+

    + Detail: 
        * Instance: 
        +-------------------------+----------------------+---------+---------+-----------+-----------+------+------+---------+
        |                         |                      |  Latency (cycles) |   Latency (absolute)  |   Interval  | Pipeline|
        |         Instance        |        Module        |   min   |   max   |    min    |    max    |  min |  max |   Type  |
        +-------------------------+----------------------+---------+---------+-----------+-----------+------+------+---------+
        |sort_U0                  |sort                  |      379|     4732|  2.912 us | 36.356 us |   379|  4732|   none  |
        |create_tree_U0           |create_tree           |        2|     1277| 15.366 ns |  9.811 us |     2|  1277|   none  |
        |create_codeword_U0       |create_codeword       |     1336|     1336| 10.264 us | 10.264 us |  1336|  1336|   none  |
        |truncate_tree_U0         |truncate_tree         |     1467|     1575| 11.271 us | 12.101 us |  1467|  1575|   none  |
        |compute_bit_length_U0    |compute_bit_length    |        ?|        ?|          ?|          ?|     ?|     ?|   none  |
        |canonize_tree_U0         |canonize_tree         |      258|     2562|  1.982 us | 19.684 us |   258|  2562|   none  |
        |filter_U0                |filter                |      261|      261|  2.005 us |  2.005 us |   261|   261|   none  |
        |Loop_copy_sorted_pro_U0  |Loop_copy_sorted_pro  |        1|     3070|  7.683 ns | 23.587 us |     1|  3070|   none  |
        |Block_proc_U0            |Block_proc            |        0|        0|    0 ns   |    0 ns   |     0|     0|   none  |
        |Block_codeRepl1012_p_U0  |Block_codeRepl1012_p  |        0|        0|    0 ns   |    0 ns   |     0|     0|   none  |
        +-------------------------+----------------------+---------+---------+-----------+-----------+------+------+---------+

        * Loop: 
        N/A



================================================================
== Utilization Estimates
================================================================
* Summary: 
+-----------------+---------+-------+--------+-------+-----+
|       Name      | BRAM_18K| DSP48E|   FF   |  LUT  | URAM|
+-----------------+---------+-------+--------+-------+-----+
|DSP              |        -|      -|       -|      -|    -|
|Expression       |        -|      -|       0|     74|    -|
|FIFO             |        0|      -|      35|    154|    -|
|Instance         |        7|      -|    3260|   5502|    0|
|Memory           |       12|      -|      40|     20|    0|
|Multiplexer      |        -|      -|       -|    108|    -|
|Register         |        -|      -|      12|      -|    -|
+-----------------+---------+-------+--------+-------+-----+
|Total            |       19|      0|    3347|   5858|    0|
+-----------------+---------+-------+--------+-------+-----+
|Available        |      280|    220|  106400|  53200|    0|
+-----------------+---------+-------+--------+-------+-----+
|Utilization (%)  |        6|      0|       3|     11|    0|
+-----------------+---------+-------+--------+-------+-----+

+ Detail: 
    * Instance: 
    +-------------------------+----------------------+---------+-------+------+------+-----+
    |         Instance        |        Module        | BRAM_18K| DSP48E|  FF  |  LUT | URAM|
    +-------------------------+----------------------+---------+-------+------+------+-----+
    |Block_codeRepl1012_p_U0  |Block_codeRepl1012_p  |        0|      0|    12|    38|    0|
    |Block_proc_U0            |Block_proc            |        0|      0|    12|    29|    0|
    |Loop_copy_sorted_pro_U0  |Loop_copy_sorted_pro  |        0|      0|    88|   121|    0|
    |canonize_tree_U0         |canonize_tree         |        0|      0|   108|   245|    0|
    |compute_bit_length_U0    |compute_bit_length    |        1|      0|   234|   381|    0|
    |create_codeword_U0       |create_codeword       |        0|      0|   223|   553|    0|
    |create_tree_U0           |create_tree           |        1|      0|   256|   611|    0|
    |filter_U0                |filter                |        0|      0|   111|   150|    0|
    |sort_U0                  |sort                  |        5|      0|  2058|  2904|    0|
    |truncate_tree_U0         |truncate_tree         |        0|      0|   158|   470|    0|
    +-------------------------+----------------------+---------+-------+------+------+-----+
    |Total                    |                      |        7|      0|  3260|  5502|    0|
    +-------------------------+----------------------+---------+-------+------+------+-----+

    * DSP48E: 
    N/A

    * Memory: 
    +--------------------------+----------------------+---------+----+----+-----+------+-----+------+-------------+
    |          Memory          |        Module        | BRAM_18K| FF | LUT| URAM| Words| Bits| Banks| W*Bits*Banks|
    +--------------------------+----------------------+---------+----+----+-----+------+-----+------+-------------+
    |filtered_value_V_U        |huffman_encoding_mb6  |        1|   0|   0|    0|   256|   10|     2|         5120|
    |sorted_0_U                |huffman_encoding_mb6  |        1|   0|   0|    0|   256|   10|     2|         5120|
    |sorted_copy1_value_V_U    |huffman_encoding_mb6  |        1|   0|   0|    0|   256|   10|     2|         5120|
    |sorted_copy2_value_V_U    |huffman_encoding_mb6  |        1|   0|   0|    0|   256|   10|     2|         5120|
    |filtered_frequency_V_U    |huffman_encoding_ncg  |        1|   0|   0|    0|   256|   32|     2|        16384|
    |sorted_1_U                |huffman_encoding_ncg  |        1|   0|   0|    0|   256|   32|     2|        16384|
    |sorted_copy1_frequen_U    |huffman_encoding_ncg  |        1|   0|   0|    0|   256|   32|     2|        16384|
    |parent_V_U                |huffman_encoding_tde  |        1|   0|   0|    0|   255|   10|     2|         5100|
    |left_V_U                  |huffman_encoding_tde  |        1|   0|   0|    0|   255|   10|     2|         5100|
    |right_V_U                 |huffman_encoding_tde  |        1|   0|   0|    0|   255|   10|     2|         5100|
    |length_histogram_V_U      |huffman_encoding_wdI  |        0|  20|  10|    0|    64|   10|     2|         1280|
    |truncated_length_his_1_U  |huffman_encoding_wdI  |        0|  20|  10|    0|    64|   10|     2|         1280|
    |truncated_length_his_U    |huffman_encoding_xdS  |        1|   0|   0|    0|    64|   10|     2|         1280|
    |symbol_bits_V_U           |huffman_encoding_zec  |        1|   0|   0|    0|   256|    5|     2|         2560|
    +--------------------------+----------------------+---------+----+----+-----+------+-----+------+-------------+
    |Total                     |                      |       12|  40|  20|    0|  3005|  201|    28|        91332|
    +--------------------------+----------------------+---------+----+----+-----+------+-----+------+-------------+

    * FIFO: 
    +----------------------+---------+---+----+-----+------+-----+---------+
    |         Name         | BRAM_18K| FF| LUT| URAM| Depth| Bits| Size:D*B|
    +----------------------+---------+---+----+-----+------+-----+---------+
    |extLd9_loc_channel_U  |        0|  5|   0|    -|     2|   10|       20|
    |extLd_loc_c21_U       |        0|  5|   0|    -|     2|   10|       20|
    |extLd_loc_c22_U       |        0|  5|   0|    -|     2|   10|       20|
    |extLd_loc_c_U         |        0|  5|   0|    -|     2|   10|       20|
    |n_c20_U               |        0|  5|   0|    -|     3|   10|       30|
    |n_c_U                 |        0|  5|   0|    -|     2|   10|       20|
    |val_assign7_loc_c_U   |        0|  5|   0|    -|     5|   10|       50|
    +----------------------+---------+---+----+-----+------+-----+---------+
    |Total                 |        0| 35|   0|    0|    18|   70|      180|
    +----------------------+---------+---+----+-----+------+-----+---------+

    * Expression: 
    +----------------------------------------------+----------+-------+---+----+------------+------------+
    |                 Variable Name                | Operation| DSP48E| FF| LUT| Bitwidth P0| Bitwidth P1|
    +----------------------------------------------+----------+-------+---+----+------------+------------+
    |Loop_copy_sorted_pro_U0_ap_continue           |    and   |      0|  0|   2|           1|           1|
    |Loop_copy_sorted_pro_U0_ap_start              |    and   |      0|  0|   2|           1|           1|
    |ap_channel_done_filtered_frequency_V          |    and   |      0|  0|   2|           1|           1|
    |ap_channel_done_filtered_value_V              |    and   |      0|  0|   2|           1|           1|
    |ap_channel_done_left_V                        |    and   |      0|  0|   2|           1|           1|
    |ap_channel_done_parent_V                      |    and   |      0|  0|   2|           1|           1|
    |ap_channel_done_right_V                       |    and   |      0|  0|   2|           1|           1|
    |ap_channel_done_sorted_0                      |    and   |      0|  0|   2|           1|           1|
    |ap_channel_done_sorted_1                      |    and   |      0|  0|   2|           1|           1|
    |ap_channel_done_sorted_copy1_frequen          |    and   |      0|  0|   2|           1|           1|
    |ap_channel_done_sorted_copy1_value_V          |    and   |      0|  0|   2|           1|           1|
    |ap_channel_done_sorted_copy2_value_V          |    and   |      0|  0|   2|           1|           1|
    |ap_channel_done_truncated_length_his          |    and   |      0|  0|   2|           1|           1|
    |ap_channel_done_truncated_length_his_1        |    and   |      0|  0|   2|           1|           1|
    |ap_idle                                       |    and   |      0|  0|   2|           1|           1|
    |ap_sync_done                                  |    and   |      0|  0|   2|           1|           1|
    |canonize_tree_U0_ap_start                     |    and   |      0|  0|   2|           1|           1|
    |compute_bit_length_U0_ap_start                |    and   |      0|  0|   2|           1|           1|
    |create_codeword_U0_ap_start                   |    and   |      0|  0|   2|           1|           1|
    |create_tree_U0_ap_continue                    |    and   |      0|  0|   2|           1|           1|
    |create_tree_U0_ap_start                       |    and   |      0|  0|   2|           1|           1|
    |filter_U0_ap_continue                         |    and   |      0|  0|   2|           1|           1|
    |sort_U0_ap_continue                           |    and   |      0|  0|   2|           1|           1|
    |sort_U0_ap_start                              |    and   |      0|  0|   2|           1|           1|
    |truncate_tree_U0_ap_continue                  |    and   |      0|  0|   2|           1|           1|
    |ap_sync_channel_write_filtered_frequency_V    |    or    |      0|  0|   2|           1|           1|
    |ap_sync_channel_write_filtered_value_V        |    or    |      0|  0|   2|           1|           1|
    |ap_sync_channel_write_left_V                  |    or    |      0|  0|   2|           1|           1|
    |ap_sync_channel_write_parent_V                |    or    |      0|  0|   2|           1|           1|
    |ap_sync_channel_write_right_V                 |    or    |      0|  0|   2|           1|           1|
    |ap_sync_channel_write_sorted_0                |    or    |      0|  0|   2|           1|           1|
    |ap_sync_channel_write_sorted_1                |    or    |      0|  0|   2|           1|           1|
    |ap_sync_channel_write_sorted_copy1_frequen    |    or    |      0|  0|   2|           1|           1|
    |ap_sync_channel_write_sorted_copy1_value_V    |    or    |      0|  0|   2|           1|           1|
    |ap_sync_channel_write_sorted_copy2_value_V    |    or    |      0|  0|   2|           1|           1|
    |ap_sync_channel_write_truncated_length_his    |    or    |      0|  0|   2|           1|           1|
    |ap_sync_channel_write_truncated_length_his_1  |    or    |      0|  0|   2|           1|           1|
    +----------------------------------------------+----------+-------+---+----+------------+------------+
    |Total                                         |          |      0|  0|  74|          37|          37|
    +----------------------------------------------+----------+-------+---+----+------------+------------+

    * Multiplexer: 
    +--------------------------------------------------+----+-----------+-----+-----------+
    |                       Name                       | LUT| Input Size| Bits| Total Bits|
    +--------------------------------------------------+----+-----------+-----+-----------+
    |ap_sync_reg_channel_write_filtered_frequency_V    |   9|          2|    1|          2|
    |ap_sync_reg_channel_write_filtered_value_V        |   9|          2|    1|          2|
    |ap_sync_reg_channel_write_left_V                  |   9|          2|    1|          2|
    |ap_sync_reg_channel_write_parent_V                |   9|          2|    1|          2|
    |ap_sync_reg_channel_write_right_V                 |   9|          2|    1|          2|
    |ap_sync_reg_channel_write_sorted_0                |   9|          2|    1|          2|
    |ap_sync_reg_channel_write_sorted_1                |   9|          2|    1|          2|
    |ap_sync_reg_channel_write_sorted_copy1_frequen    |   9|          2|    1|          2|
    |ap_sync_reg_channel_write_sorted_copy1_value_V    |   9|          2|    1|          2|
    |ap_sync_reg_channel_write_sorted_copy2_value_V    |   9|          2|    1|          2|
    |ap_sync_reg_channel_write_truncated_length_his    |   9|          2|    1|          2|
    |ap_sync_reg_channel_write_truncated_length_his_1  |   9|          2|    1|          2|
    +--------------------------------------------------+----+-----------+-----+-----------+
    |Total                                             | 108|         24|   12|         24|
    +--------------------------------------------------+----+-----------+-----+-----------+

    * Register: 
    +--------------------------------------------------+---+----+-----+-----------+
    |                       Name                       | FF| LUT| Bits| Const Bits|
    +--------------------------------------------------+---+----+-----+-----------+
    |ap_sync_reg_channel_write_filtered_frequency_V    |  1|   0|    1|          0|
    |ap_sync_reg_channel_write_filtered_value_V        |  1|   0|    1|          0|
    |ap_sync_reg_channel_write_left_V                  |  1|   0|    1|          0|
    |ap_sync_reg_channel_write_parent_V                |  1|   0|    1|          0|
    |ap_sync_reg_channel_write_right_V                 |  1|   0|    1|          0|
    |ap_sync_reg_channel_write_sorted_0                |  1|   0|    1|          0|
    |ap_sync_reg_channel_write_sorted_1                |  1|   0|    1|          0|
    |ap_sync_reg_channel_write_sorted_copy1_frequen    |  1|   0|    1|          0|
    |ap_sync_reg_channel_write_sorted_copy1_value_V    |  1|   0|    1|          0|
    |ap_sync_reg_channel_write_sorted_copy2_value_V    |  1|   0|    1|          0|
    |ap_sync_reg_channel_write_truncated_length_his    |  1|   0|    1|          0|
    |ap_sync_reg_channel_write_truncated_length_his_1  |  1|   0|    1|          0|
    +--------------------------------------------------+---+----+-----+-----------+
    |Total                                             | 12|   0|   12|          0|
    +--------------------------------------------------+---+----+-----+-----------+



================================================================
== Interface
================================================================
* Summary: 
+---------------------------------------+-----+-----+------------+------------------------------+--------------+
|               RTL Ports               | Dir | Bits|  Protocol  |         Source Object        |    C Type    |
+---------------------------------------+-----+-----+------------+------------------------------+--------------+
|ap_clk                                 |  in |    1| ap_ctrl_hs |       huffman_encoding       | return value |
|ap_rst                                 |  in |    1| ap_ctrl_hs |       huffman_encoding       | return value |
|ap_start                               |  in |    1| ap_ctrl_hs |       huffman_encoding       | return value |
|ap_done                                | out |    1| ap_ctrl_hs |       huffman_encoding       | return value |
|ap_ready                               | out |    1| ap_ctrl_hs |       huffman_encoding       | return value |
|ap_idle                                | out |    1| ap_ctrl_hs |       huffman_encoding       | return value |
|symbol_histogram_value_V_address0      | out |    8|  ap_memory |   symbol_histogram_value_V   |     array    |
|symbol_histogram_value_V_ce0           | out |    1|  ap_memory |   symbol_histogram_value_V   |     array    |
|symbol_histogram_value_V_d0            | out |   10|  ap_memory |   symbol_histogram_value_V   |     array    |
|symbol_histogram_value_V_q0            |  in |   10|  ap_memory |   symbol_histogram_value_V   |     array    |
|symbol_histogram_value_V_we0           | out |    1|  ap_memory |   symbol_histogram_value_V   |     array    |
|symbol_histogram_value_V_address1      | out |    8|  ap_memory |   symbol_histogram_value_V   |     array    |
|symbol_histogram_value_V_ce1           | out |    1|  ap_memory |   symbol_histogram_value_V   |     array    |
|symbol_histogram_value_V_d1            | out |   10|  ap_memory |   symbol_histogram_value_V   |     array    |
|symbol_histogram_value_V_q1            |  in |   10|  ap_memory |   symbol_histogram_value_V   |     array    |
|symbol_histogram_value_V_we1           | out |    1|  ap_memory |   symbol_histogram_value_V   |     array    |
|symbol_histogram_frequency_V_address0  | out |    8|  ap_memory | symbol_histogram_frequency_V |     array    |
|symbol_histogram_frequency_V_ce0       | out |    1|  ap_memory | symbol_histogram_frequency_V |     array    |
|symbol_histogram_frequency_V_d0        | out |   32|  ap_memory | symbol_histogram_frequency_V |     array    |
|symbol_histogram_frequency_V_q0        |  in |   32|  ap_memory | symbol_histogram_frequency_V |     array    |
|symbol_histogram_frequency_V_we0       | out |    1|  ap_memory | symbol_histogram_frequency_V |     array    |
|symbol_histogram_frequency_V_address1  | out |    8|  ap_memory | symbol_histogram_frequency_V |     array    |
|symbol_histogram_frequency_V_ce1       | out |    1|  ap_memory | symbol_histogram_frequency_V |     array    |
|symbol_histogram_frequency_V_d1        | out |   32|  ap_memory | symbol_histogram_frequency_V |     array    |
|symbol_histogram_frequency_V_q1        |  in |   32|  ap_memory | symbol_histogram_frequency_V |     array    |
|symbol_histogram_frequency_V_we1       | out |    1|  ap_memory | symbol_histogram_frequency_V |     array    |
|encoding_V_address0                    | out |    8|  ap_memory |          encoding_V          |     array    |
|encoding_V_ce0                         | out |    1|  ap_memory |          encoding_V          |     array    |
|encoding_V_d0                          | out |   32|  ap_memory |          encoding_V          |     array    |
|encoding_V_q0                          |  in |   32|  ap_memory |          encoding_V          |     array    |
|encoding_V_we0                         | out |    1|  ap_memory |          encoding_V          |     array    |
|encoding_V_address1                    | out |    8|  ap_memory |          encoding_V          |     array    |
|encoding_V_ce1                         | out |    1|  ap_memory |          encoding_V          |     array    |
|encoding_V_d1                          | out |   32|  ap_memory |          encoding_V          |     array    |
|encoding_V_q1                          |  in |   32|  ap_memory |          encoding_V          |     array    |
|encoding_V_we1                         | out |    1|  ap_memory |          encoding_V          |     array    |
|num_nonzero_symbols                    | out |   32|   ap_vld   |      num_nonzero_symbols     |    pointer   |
|num_nonzero_symbols_ap_vld             | out |    1|   ap_vld   |      num_nonzero_symbols     |    pointer   |
+---------------------------------------+-----+-----+------------+------------------------------+--------------+

